<testsuite errors="0" failures="5" hostname="LM0002133" name="Contract Tests" skipped="1" tests="10"
	time="1.415" timestamp="2023-06-07T00:49:09">
	<properties>
		<property name="awt.toolkit" value="sun.lwawt.macosx.LWCToolkit" />
		<property name="commit" value="false" />
		<property name="contractPaths"
			value="/Users/joel.rosario/Source/fynd/merchant-onboarding/contracts/test-contracts/userExists.yaml,/Users/joel.rosario/Source/fynd/merchant-onboarding/contracts/test-contracts/getStoresInBulk.yaml,/Users/joel.rosario/Source/fynd/merchant-onboarding/contracts/test-contracts/healthCheck.yaml" />
		<property name="environment" value="" />
		<property name="file.encoding" value="UTF-8" />
		<property name="file.encoding.pkg" value="sun.io" />
		<property name="file.separator" value="/" />
		<property name="gopherProxySet" value="false" />
		<property name="host" value="localhost" />
		<property name="java.awt.graphicsenv" value="sun.awt.CGraphicsEnvironment" />
		<property name="java.awt.headless" value="true" />
		<property name="java.awt.printerjob" value="sun.lwawt.macosx.CPrinterJob" />
		<property name="java.class.path"
			value="/Users/joel.rosario/Source/fynd/merchant-onboarding/node_modules/specmatic/specmatic.jar" />
		<property name="java.class.version" value="52.0" />
		<property name="java.endorsed.dirs"
			value="/Users/joel.rosario/Library/Java/JavaVirtualMachines/adopt-openjdk-1.8.0_302/Contents/Home/jre/lib/endorsed" />
		<property name="java.ext.dirs"
			value="/Users/joel.rosario/Library/Java/Extensions:/Users/joel.rosario/Library/Java/JavaVirtualMachines/adopt-openjdk-1.8.0_302/Contents/Home/jre/lib/ext:/Library/Java/Extensions:/Network/Library/Java/Extensions:/System/Library/Java/Extensions:/usr/lib/java" />
		<property name="java.home"
			value="/Users/joel.rosario/Library/Java/JavaVirtualMachines/adopt-openjdk-1.8.0_302/Contents/Home/jre" />
		<property name="java.io.tmpdir" value="/var/folders/2z/5wt0ythx15b0xf49jt0mfxwhbwql83/T/" />
		<property name="java.library.path"
			value="/Users/joel.rosario/Library/Java/Extensions:/Library/Java/Extensions:/Network/Library/Java/Extensions:/System/Library/Java/Extensions:/usr/lib/java:." />
		<property name="java.runtime.name" value="OpenJDK Runtime Environment" />
		<property name="java.runtime.version" value="1.8.0_302-b08" />
		<property name="java.specification.name" value="Java Platform API Specification" />
		<property name="java.specification.vendor" value="Oracle Corporation" />
		<property name="java.specification.version" value="1.8" />
		<property name="java.vendor" value="Temurin" />
		<property name="java.vendor.url" value="https://adoptium.net/" />
		<property name="java.vendor.url.bug"
			value="https://github.com/adoptium/adoptium-support/issues" />
		<property name="java.version" value="1.8.0_302" />
		<property name="java.vm.info" value="mixed mode" />
		<property name="java.vm.name" value="OpenJDK 64-Bit Server VM" />
		<property name="java.vm.specification.name" value="Java Virtual Machine Specification" />
		<property name="java.vm.specification.vendor" value="Oracle Corporation" />
		<property name="java.vm.specification.version" value="1.8" />
		<property name="java.vm.vendor" value="Temurin" />
		<property name="java.vm.version" value="25.302-b08" />
		<property name="kafkaBootstrapServers" value="" />
		<property name="kafkaHost" value="localhost" />
		<property name="kafkaPort" value="9093" />
		<property name="line.separator" value=" " />
		<property name="os.arch" value="x86_64" />
		<property name="os.name" value="Mac OS X" />
		<property name="os.version" value="10.16" />
		<property name="path.separator" value=":" />
		<property name="port" value="3000" />
		<property name="protocol" value="http" />
		<property name="spring.beaninfo.ignore" value="true" />
		<property name="suggestions" value="" />
		<property name="suggestionsPath" value="" />
		<property name="sun.arch.data.model" value="64" />
		<property name="sun.boot.class.path"
			value="/Users/joel.rosario/Library/Java/JavaVirtualMachines/adopt-openjdk-1.8.0_302/Contents/Home/jre/lib/resources.jar:/Users/joel.rosario/Library/Java/JavaVirtualMachines/adopt-openjdk-1.8.0_302/Contents/Home/jre/lib/rt.jar:/Users/joel.rosario/Library/Java/JavaVirtualMachines/adopt-openjdk-1.8.0_302/Contents/Home/jre/lib/sunrsasign.jar:/Users/joel.rosario/Library/Java/JavaVirtualMachines/adopt-openjdk-1.8.0_302/Contents/Home/jre/lib/jsse.jar:/Users/joel.rosario/Library/Java/JavaVirtualMachines/adopt-openjdk-1.8.0_302/Contents/Home/jre/lib/jce.jar:/Users/joel.rosario/Library/Java/JavaVirtualMachines/adopt-openjdk-1.8.0_302/Contents/Home/jre/lib/charsets.jar:/Users/joel.rosario/Library/Java/JavaVirtualMachines/adopt-openjdk-1.8.0_302/Contents/Home/jre/lib/jfr.jar:/Users/joel.rosario/Library/Java/JavaVirtualMachines/adopt-openjdk-1.8.0_302/Contents/Home/jre/classes" />
		<property name="sun.boot.library.path"
			value="/Users/joel.rosario/Library/Java/JavaVirtualMachines/adopt-openjdk-1.8.0_302/Contents/Home/jre/lib" />
		<property name="sun.cpu.endian" value="little" />
		<property name="sun.cpu.isalist" value="" />
		<property name="sun.io.unicode.encoding" value="UnicodeBig" />
		<property name="sun.java.command"
			value="/Users/joel.rosario/Source/fynd/merchant-onboarding/node_modules/specmatic/specmatic.jar test --junitReportDir=dist/test-report --host=localhost --port=3000" />
		<property name="sun.java.launcher" value="SUN_STANDARD" />
		<property name="sun.jnu.encoding" value="UTF-8" />
		<property name="sun.management.compiler" value="HotSpot 64-Bit Tiered Compilers" />
		<property name="sun.os.patch.level" value="unknown" />
		<property name="timeout" value="60" />
		<property name="user.country" value="IN" />
		<property name="user.dir" value="/Users/joel.rosario/Source/fynd/merchant-onboarding" />
		<property name="user.home" value="/Users/joel.rosario" />
		<property name="user.language" value="en" />
		<property name="user.name" value="joel.rosario" />
		<property name="user.timezone" value="Asia/Kolkata" />
	</properties>
	<testcase classname="in.specmatic.test.SpecmaticJUnitSupport" name="" time="0.012">
		<skipped><![CDATA[org.opentest4j.TestAbortedException: Test FAILED, ignoring since the scenario is tagged @WIP
  In scenario "New scenario. Response: New scenario"
  API: POST /proxy/v1/store/bulk -> 400

    >> RESPONSE.STATUS

       Expected status 400, actual was status 417
	at in.specmatic.test.SpecmaticJUnitSupport.contractTest$lambda$5$lambda$4(SpecmaticJUnitSupport.kt:326)
	at org.junit.jupiter.engine.descriptor.DynamicTestTestDescriptor.lambda$execute$0(DynamicTestTestDescriptor.java:53)
	at org.junit.jupiter.engine.execution.InvocationInterceptorChain$ValidatingInvocation.proceed(InvocationInterceptorChain.java:131)
	at org.junit.jupiter.api.extension.InvocationInterceptor.interceptDynamicTest(InvocationInterceptor.java:167)
	at org.junit.jupiter.api.extension.InvocationInterceptor.interceptDynamicTest(InvocationInterceptor.java:184)
	at org.junit.jupiter.engine.descriptor.DynamicTestTestDescriptor.lambda$execute$1(DynamicTestTestDescriptor.java:61)
	at org.junit.jupiter.engine.execution.InvocationInterceptorChain$InterceptorCall.lambda$ofVoid$0(InvocationInterceptorChain.java:78)
	at org.junit.jupiter.engine.execution.InvocationInterceptorChain$InterceptedInvocation.proceed(InvocationInterceptorChain.java:106)
	at org.junit.jupiter.engine.execution.InvocationInterceptorChain.proceed(InvocationInterceptorChain.java:64)
	at org.junit.jupiter.engine.execution.InvocationInterceptorChain.chainAndInvoke(InvocationInterceptorChain.java:45)
	at org.junit.jupiter.engine.execution.InvocationInterceptorChain.invoke(InvocationInterceptorChain.java:37)
	at org.junit.jupiter.engine.descriptor.DynamicTestTestDescriptor.execute(DynamicTestTestDescriptor.java:60)
	at org.junit.jupiter.engine.descriptor.DynamicTestTestDescriptor.execute(DynamicTestTestDescriptor.java:32)
	at org.junit.platform.engine.support.hierarchical.NodeTestTask.lambda$executeRecursively$6(NodeTestTask.java:151)
	at org.junit.platform.engine.support.hierarchical.ThrowableCollector.execute(ThrowableCollector.java:73)
	at org.junit.platform.engine.support.hierarchical.NodeTestTask.lambda$executeRecursively$8(NodeTestTask.java:141)
	at org.junit.platform.engine.support.hierarchical.Node.around(Node.java:137)
	at org.junit.platform.engine.support.hierarchical.NodeTestTask.lambda$executeRecursively$9(NodeTestTask.java:139)
	at org.junit.platform.engine.support.hierarchical.ThrowableCollector.execute(ThrowableCollector.java:73)
	at org.junit.platform.engine.support.hierarchical.NodeTestTask.executeRecursively(NodeTestTask.java:138)
	at org.junit.platform.engine.support.hierarchical.NodeTestTask.execute(NodeTestTask.java:95)
	at org.junit.platform.engine.support.hierarchical.SameThreadHierarchicalTestExecutorService.submit(SameThreadHierarchicalTestExecutorService.java:35)
	at org.junit.platform.engine.support.hierarchical.NodeTestTask$DefaultDynamicTestExecutor.execute(NodeTestTask.java:226)
	at org.junit.platform.engine.support.hierarchical.NodeTestTask$DefaultDynamicTestExecutor.execute(NodeTestTask.java:204)
	at java.util.Optional.ifPresent(Optional.java:159)
	at org.junit.jupiter.engine.descriptor.TestFactoryTestDescriptor.lambda$invokeTestMethod$1(TestFactoryTestDescriptor.java:108)
	at org.junit.platform.engine.support.hierarchical.ThrowableCollector.execute(ThrowableCollector.java:73)
	at org.junit.jupiter.engine.descriptor.TestFactoryTestDescriptor.invokeTestMethod(TestFactoryTestDescriptor.java:95)
	at org.junit.jupiter.engine.descriptor.TestMethodTestDescriptor.execute(TestMethodTestDescriptor.java:138)
	at org.junit.jupiter.engine.descriptor.TestMethodTestDescriptor.execute(TestMethodTestDescriptor.java:68)
	at org.junit.platform.engine.support.hierarchical.NodeTestTask.lambda$executeRecursively$6(NodeTestTask.java:151)
	at org.junit.platform.engine.support.hierarchical.ThrowableCollector.execute(ThrowableCollector.java:73)
	at org.junit.platform.engine.support.hierarchical.NodeTestTask.lambda$executeRecursively$8(NodeTestTask.java:141)
	at org.junit.platform.engine.support.hierarchical.Node.around(Node.java:137)
	at org.junit.platform.engine.support.hierarchical.NodeTestTask.lambda$executeRecursively$9(NodeTestTask.java:139)
	at org.junit.platform.engine.support.hierarchical.ThrowableCollector.execute(ThrowableCollector.java:73)
	at org.junit.platform.engine.support.hierarchical.NodeTestTask.executeRecursively(NodeTestTask.java:138)
	at org.junit.platform.engine.support.hierarchical.NodeTestTask.execute(NodeTestTask.java:95)
	at java.util.ArrayList.forEach(ArrayList.java:1259)
	at org.junit.platform.engine.support.hierarchical.SameThreadHierarchicalTestExecutorService.invokeAll(SameThreadHierarchicalTestExecutorService.java:41)
	at org.junit.platform.engine.support.hierarchical.NodeTestTask.lambda$executeRecursively$6(NodeTestTask.java:155)
	at org.junit.platform.engine.support.hierarchical.ThrowableCollector.execute(ThrowableCollector.java:73)
	at org.junit.platform.engine.support.hierarchical.NodeTestTask.lambda$executeRecursively$8(NodeTestTask.java:141)
	at org.junit.platform.engine.support.hierarchical.Node.around(Node.java:137)
	at org.junit.platform.engine.support.hierarchical.NodeTestTask.lambda$executeRecursively$9(NodeTestTask.java:139)
	at org.junit.platform.engine.support.hierarchical.ThrowableCollector.execute(ThrowableCollector.java:73)
	at org.junit.platform.engine.support.hierarchical.NodeTestTask.executeRecursively(NodeTestTask.java:138)
	at org.junit.platform.engine.support.hierarchical.NodeTestTask.execute(NodeTestTask.java:95)
	at java.util.ArrayList.forEach(ArrayList.java:1259)
	at org.junit.platform.engine.support.hierarchical.SameThreadHierarchicalTestExecutorService.invokeAll(SameThreadHierarchicalTestExecutorService.java:41)
	at org.junit.platform.engine.support.hierarchical.NodeTestTask.lambda$executeRecursively$6(NodeTestTask.java:155)
	at org.junit.platform.engine.support.hierarchical.ThrowableCollector.execute(ThrowableCollector.java:73)
	at org.junit.platform.engine.support.hierarchical.NodeTestTask.lambda$executeRecursively$8(NodeTestTask.java:141)
	at org.junit.platform.engine.support.hierarchical.Node.around(Node.java:137)
	at org.junit.platform.engine.support.hierarchical.NodeTestTask.lambda$executeRecursively$9(NodeTestTask.java:139)
	at org.junit.platform.engine.support.hierarchical.ThrowableCollector.execute(ThrowableCollector.java:73)
	at org.junit.platform.engine.support.hierarchical.NodeTestTask.executeRecursively(NodeTestTask.java:138)
	at org.junit.platform.engine.support.hierarchical.NodeTestTask.execute(NodeTestTask.java:95)
	at org.junit.platform.engine.support.hierarchical.SameThreadHierarchicalTestExecutorService.submit(SameThreadHierarchicalTestExecutorService.java:35)
	at org.junit.platform.engine.support.hierarchical.HierarchicalTestExecutor.execute(HierarchicalTestExecutor.java:57)
	at org.junit.platform.engine.support.hierarchical.HierarchicalTestEngine.execute(HierarchicalTestEngine.java:54)
	at org.junit.platform.launcher.core.EngineExecutionOrchestrator.execute(EngineExecutionOrchestrator.java:147)
	at org.junit.platform.launcher.core.EngineExecutionOrchestrator.execute(EngineExecutionOrchestrator.java:127)
	at org.junit.platform.launcher.core.EngineExecutionOrchestrator.execute(EngineExecutionOrchestrator.java:90)
	at org.junit.platform.launcher.core.EngineExecutionOrchestrator.lambda$execute$0(EngineExecutionOrchestrator.java:55)
	at org.junit.platform.launcher.core.EngineExecutionOrchestrator.withInterceptedStreams(EngineExecutionOrchestrator.java:102)
	at org.junit.platform.launcher.core.EngineExecutionOrchestrator.execute(EngineExecutionOrchestrator.java:54)
	at org.junit.platform.launcher.core.DefaultLauncher.execute(DefaultLauncher.java:114)
	at org.junit.platform.launcher.core.DefaultLauncher.execute(DefaultLauncher.java:86)
	at org.junit.platform.launcher.core.DefaultLauncherSession$DelegatingLauncher.execute(DefaultLauncherSession.java:86)
	at org.junit.platform.launcher.core.SessionPerRequestLauncher.execute(SessionPerRequestLauncher.java:53)
	at application.TestCommand.call(TestCommand.kt:218)
	at application.TestCommand.call(TestCommand.kt:46)
	at picocli.CommandLine.executeUserObject(CommandLine.java:2041)
	at picocli.CommandLine.access$1500(CommandLine.java:148)
	at picocli.CommandLine$RunLast.executeUserObjectOfLastSubcommandWithSameParent(CommandLine.java:2461)
	at picocli.CommandLine$RunLast.handle(CommandLine.java:2453)
	at picocli.CommandLine$RunLast.handle(CommandLine.java:2415)
	at picocli.CommandLine$AbstractParseResultHandler.execute(CommandLine.java:2273)
	at picocli.CommandLine$RunLast.execute(CommandLine.java:2417)
	at picocli.CommandLine.execute(CommandLine.java:2170)
	at application.QontractApplicationRunner.run(QontractApplicationRunner.kt:16)
	at org.springframework.boot.SpringApplication.callRunner(SpringApplication.java:771)
	at org.springframework.boot.SpringApplication.callRunners(SpringApplication.java:755)
	at org.springframework.boot.SpringApplication.run(SpringApplication.java:315)
	at application.SpecmaticApplication$Companion.main(SpecmaticApplication.kt:29)
	at application.SpecmaticApplication.main(SpecmaticApplication.kt)
]]></skipped>
		<system-out><![CDATA[
unique-id: [engine:junit-jupiter]/[class:in.specmatic.test.SpecmaticJUnitSupport]/[test-factory:contractTest()]/[dynamic-test:#6]
display-name: +ve  Scenario: POST /proxy/v1/store/bulk -> 400 | [WIP] GET_STORES_IN_BULK_BAD_REQUEST
]]></system-out>
	</testcase>
	<testcase classname="in.specmatic.test.SpecmaticJUnitSupport" name="" time="0.009">
		<system-out><![CDATA[
unique-id: [engine:junit-jupiter]/[class:in.specmatic.test.SpecmaticJUnitSupport]/[test-factory:contractTest()]/[dynamic-test:#10]
display-name: +ve  Scenario: GET /_readyz -> 200
]]></system-out>
	</testcase>
	<testcase classname="in.specmatic.test.SpecmaticJUnitSupport" name="" time="0.089">
		<system-out><![CDATA[
unique-id: [engine:junit-jupiter]/[class:in.specmatic.test.SpecmaticJUnitSupport]/[test-factory:contractTest()]/[dynamic-test:#5]
display-name: +ve  Scenario: POST /proxy/v1/store/bulk -> 200 | GET_STORES_IN_BULK
]]></system-out>
	</testcase>
	<system-out><![CDATA[
unique-id: [engine:junit-jupiter]
display-name: Contract Tests
]]></system-out>
</testsuite>
